[2021-11-21 16:15:16.119] [exthost] [info] Extension host with pid 2275 started
[2021-11-21 16:15:16.120] [exthost] [info] Skipping acquiring lock for /home/yli/.config/Code/User/workspaceStorage/3ca8c7c5a5ddd39913e3677dcec51763.
[2021-11-21 16:15:16.477] [exthost] [info] ExtensionService#_doActivateExtension vscode.microsoft-authentication, startup: false, activationEvent: 'onAuthenticationRequest:microsoft'
[2021-11-21 16:15:16.587] [exthost] [info] ExtensionService#_doActivateExtension vscode.debug-auto-launch, startup: true, activationEvent: '*'
[2021-11-21 16:15:16.594] [exthost] [info] ExtensionService#_doActivateExtension vscode.git, startup: true, activationEvent: '*', root cause: vscode.github
[2021-11-21 16:15:17.922] [exthost] [info] ExtensionService#_doActivateExtension vscode.github, startup: true, activationEvent: '*'
[2021-11-21 16:15:18.027] [exthost] [info] Eager extensions activated
[2021-11-21 16:15:18.296] [exthost] [info] ExtensionService#_doActivateExtension vscode.merge-conflict, startup: false, activationEvent: 'onStartupFinished'
[2021-11-21 16:15:18.519] [exthost] [info] ExtensionService#_doActivateExtension vscode.github-authentication, startup: false, activationEvent: 'onAuthenticationRequest:github'
[2021-11-21 16:15:27.889] [exthost] [info] ExtensionService#_doActivateExtension ms-python.python, startup: false, activationEvent: 'onLanguage:python', root cause: ms-python.vscode-pylance
[2021-11-21 16:15:28.430] [exthost] [info] ExtensionService#_doActivateExtension ms-toolsai.jupyter, startup: false, activationEvent: 'onLanguage:python'
[2021-11-21 16:15:30.373] [exthost] [info] ExtensionService#_doActivateExtension ms-toolsai.jupyter-renderers, startup: false, activationEvent: 'api', root cause: ms-toolsai.jupyter
[2021-11-21 16:15:30.679] [exthost] [info] ExtensionService#_doActivateExtension ms-python.vscode-pylance, startup: false, activationEvent: 'onLanguage:python'
[2021-11-21 16:16:24.605] [exthost] [error] [ms-python.python] provider FAILED
[2021-11-21 16:16:24.606] [exthost] [error] Canceled: Canceled
	at S.makeCancelError (/home/yli/.vscode/extensions/ms-python.python-2021.11.1422169775/out/client/extension.js:9:151015)
	at S.handleFailedRequest (/home/yli/.vscode/extensions/ms-python.python-2021.11.1422169775/out/client/extension.js:9:150866)
	at /home/yli/.vscode/extensions/ms-python.python-2021.11.1422169775/out/client/extension.js:9:115854
	at async s.provideDocumentSymbols (/usr/share/code/resources/app/out/vs/workbench/services/extensions/node/extensionHostProcess.js:94:167312)
[2021-11-21 16:16:40.353] [exthost] [info] extension host terminating: renderer closed the socket
[2021-11-21 16:16:41.534] [exthost] [info] Extension host with pid 2275 exiting with code 0
