[Info  - 10:45:58.508] Reading sessions from keychain...
[Info  - 10:45:58.729] Getting sessions for all scopes...
[Error  - 10:45:58.972] Getting token failed: Error: The name org.freedesktop.secrets was not provided by any .service files
[Info  - 10:45:58.972] Got 0 sessions for all scopes...
[Info  - 10:46:00.81] Getting sessions for repo,workflow...
[Info  - 10:46:00.81] Got 0 sessions for repo,workflow...
[Info  - 10:46:00.238] Getting sessions for all scopes...
[Info  - 10:46:00.239] Got 0 sessions for all scopes...
[Info  - 10:46:02.410] Logging in for the following scopes: repo workflow
[Info  - 10:47:20.322] Getting sessions for repo,workflow...
[Info  - 10:47:20.322] Got 0 sessions for repo,workflow...
[Info  - 10:47:21.864] Logging in for the following scopes: repo workflow
[Trace  - 10:48:00.303] Handling Uri...
[Info  - 10:48:00.303] Exchanging code for token...
[Info  - 10:48:01.503] Token exchange success!
[Info  - 10:48:01.519] Getting user info...
[Info  - 10:48:02.164] Got account info!
[Info  - 10:48:02.165] Storing 1 sessions...
[Error  - 10:48:03.2] Setting token failed: Error: The name org.freedesktop.secrets was not provided by any .service files
[Info  - 10:48:07.346] Stored 1 sessions!
[Info  - 10:48:07.348] Login success!
[Info  - 10:48:07.588] Getting sessions for all scopes...
[Info  - 10:48:07.605] Got 1 sessions for all scopes...
[Info  - 10:48:08.524] Getting sessions for all scopes...
[Info  - 10:48:08.525] Got 1 sessions for all scopes...
