[2021-11-20 18:45:53.114] [exthost] [info] Extension host with pid 1348 started
[2021-11-20 18:45:54.656] [exthost] [info] ExtensionService#_doActivateExtension vscode.microsoft-authentication, startup: false, activationEvent: 'onAuthenticationRequest:microsoft'
[2021-11-20 18:45:54.898] [exthost] [info] ExtensionService#_doActivateExtension vscode.debug-auto-launch, startup: true, activationEvent: '*'
[2021-11-20 18:45:54.920] [exthost] [info] ExtensionService#_doActivateExtension vscode.git, startup: true, activationEvent: '*', root cause: vscode.github
[2021-11-20 18:45:56.222] [exthost] [info] ExtensionService#_doActivateExtension vscode.github, startup: true, activationEvent: '*'
[2021-11-20 18:45:56.771] [exthost] [info] Eager extensions activated
[2021-11-20 18:45:57.195] [exthost] [info] ExtensionService#_doActivateExtension vscode.merge-conflict, startup: false, activationEvent: 'onStartupFinished'
[2021-11-20 18:45:58.269] [exthost] [info] ExtensionService#_doActivateExtension vscode.github-authentication, startup: false, activationEvent: 'onAuthenticationRequest:github'
[2021-11-20 18:49:12.270] [exthost] [info] extension host terminating: renderer closed the socket
[2021-11-20 18:49:13.346] [exthost] [info] Extension host with pid 1348 exiting with code 0
[2021-11-20 18:49:26.925] [exthost] [info] Extension host with pid 2094 started
[2021-11-20 18:49:26.925] [exthost] [info] Skipping acquiring lock for /home/yli/.config/Code/User/workspaceStorage/c7a2ee66577f9c8424b5c6564c510fae.
[2021-11-20 18:49:28.257] [exthost] [info] ExtensionService#_doActivateExtension vscode.microsoft-authentication, startup: false, activationEvent: 'onAuthenticationRequest:microsoft'
[2021-11-20 18:49:28.363] [exthost] [info] ExtensionService#_doActivateExtension vscode.debug-auto-launch, startup: true, activationEvent: '*'
[2021-11-20 18:49:28.388] [exthost] [info] ExtensionService#_doActivateExtension vscode.git, startup: true, activationEvent: '*', root cause: vscode.github
[2021-11-20 18:49:29.713] [exthost] [info] ExtensionService#_doActivateExtension vscode.github, startup: true, activationEvent: '*'
[2021-11-20 18:49:30.446] [exthost] [info] Eager extensions activated
[2021-11-20 18:49:31.447] [exthost] [info] ExtensionService#_doActivateExtension vscode.github-authentication, startup: false, activationEvent: 'onAuthenticationRequest:github'
[2021-11-20 18:49:31.674] [exthost] [info] ExtensionService#_doActivateExtension vscode.merge-conflict, startup: false, activationEvent: 'onStartupFinished'
[2021-11-20 18:58:46.746] [exthost] [info] ExtensionService#_doActivateExtension ms-toolsai.jupyter, startup: false, activationEvent: 'onLanguage:python'
[2021-11-20 18:58:48.481] [exthost] [info] ExtensionService#_doActivateExtension ms-python.python, startup: false, activationEvent: 'onLanguage:python'
[2021-11-20 18:58:49.899] [exthost] [info] ExtensionService#_doActivateExtension ms-toolsai.jupyter-renderers, startup: false, activationEvent: 'api', root cause: ms-toolsai.jupyter
[2021-11-20 18:58:50.903] [exthost] [info] ExtensionService#_doActivateExtension ms-python.vscode-pylance, startup: false, activationEvent: 'onLanguage:python'
[2021-11-20 19:14:23.198] [exthost] [info] extension host terminating: renderer closed the socket
[2021-11-20 19:14:24.366] [exthost] [info] Extension host with pid 2094 exiting with code 0
