[2021-11-14 01:30:20.195] [sharedprocess] [info] Installing extension: ms-python.python
[2021-11-14 01:30:24.564] [sharedprocess] [info] Installing extension: ms-toolsai.jupyter
[2021-11-14 01:30:24.567] [sharedprocess] [info] Installing extension: ms-toolsai.jupyter-keymap
[2021-11-14 01:30:24.568] [sharedprocess] [info] Installing extension: ms-toolsai.jupyter-renderers
[2021-11-14 01:30:24.569] [sharedprocess] [info] Installing extension: ms-python.vscode-pylance
[2021-11-14 01:30:28.444] [sharedprocess] [info] Downloaded extension: ms-toolsai.jupyter-keymap /home/yli/.config/Code/CachedExtensionVSIXs/ms-toolsai.jupyter-keymap-1.0.0
[2021-11-14 01:30:29.354] [sharedprocess] [info] Extracted extension to /home/yli/.vscode/extensions/.5f9f3fa3-feeb-47a6-b4d9-ac7d78add232: ms-toolsai.jupyter-keymap
[2021-11-14 01:30:29.524] [sharedprocess] [info] Downloaded extension: ms-toolsai.jupyter-renderers /home/yli/.config/Code/CachedExtensionVSIXs/ms-toolsai.jupyter-renderers-1.0.3
[2021-11-14 01:30:29.775] [sharedprocess] [info] Renamed to /home/yli/.vscode/extensions/ms-toolsai.jupyter-keymap-1.0.0
[2021-11-14 01:30:29.777] [sharedprocess] [info] Extracting completed. ms-toolsai.jupyter-keymap
[2021-11-14 01:30:29.952] [sharedprocess] [info] Downloaded extension: ms-python.python /home/yli/.config/Code/CachedExtensionVSIXs/ms-python.python-2021.11.1422169775
[2021-11-14 01:30:29.954] [sharedprocess] [info] Downloaded extension: ms-toolsai.jupyter /home/yli/.config/Code/CachedExtensionVSIXs/ms-toolsai.jupyter-2021.10.1101450599
[2021-11-14 01:30:32.410] [sharedprocess] [info] Extracted extension to /home/yli/.vscode/extensions/.bbf04826-4a5a-40da-ba04-4cfe3913f1ef: ms-toolsai.jupyter-renderers
[2021-11-14 01:30:32.455] [sharedprocess] [info] Renamed to /home/yli/.vscode/extensions/ms-toolsai.jupyter-renderers-1.0.3
[2021-11-14 01:30:32.459] [sharedprocess] [info] Extracting completed. ms-toolsai.jupyter-renderers
[2021-11-14 01:30:37.730] [sharedprocess] [info] Extracted extension to /home/yli/.vscode/extensions/.71cbb5f5-12a8-4f11-b92b-c44f7a207234: ms-toolsai.jupyter
[2021-11-14 01:30:37.785] [sharedprocess] [info] Renamed to /home/yli/.vscode/extensions/ms-toolsai.jupyter-2021.10.1101450599
[2021-11-14 01:30:37.798] [sharedprocess] [info] Extracting completed. ms-toolsai.jupyter
[2021-11-14 01:30:47.365] [sharedprocess] [info] Extracted extension to /home/yli/.vscode/extensions/.f9e5dd8f-1210-4174-9b8e-4b7b6df1e81b: ms-python.python
[2021-11-14 01:30:47.563] [sharedprocess] [info] Renamed to /home/yli/.vscode/extensions/ms-python.python-2021.11.1422169775
[2021-11-14 01:30:47.569] [sharedprocess] [info] Extracting completed. ms-python.python
[2021-11-14 01:30:51.062] [sharedprocess] [info] Downloaded extension: ms-python.vscode-pylance /home/yli/.config/Code/CachedExtensionVSIXs/ms-python.vscode-pylance-2021.11.1
[2021-11-14 01:31:10.923] [sharedprocess] [info] Extracted extension to /home/yli/.vscode/extensions/.517d36ea-951d-48e8-b781-11b7d62c4711: ms-python.vscode-pylance
[2021-11-14 01:31:11.036] [sharedprocess] [info] Renamed to /home/yli/.vscode/extensions/ms-python.vscode-pylance-2021.11.1
[2021-11-14 01:31:11.041] [sharedprocess] [info] Extracting completed. ms-python.vscode-pylance
[2021-11-14 01:31:11.081] [sharedprocess] [info] Extension installed successfully: ms-toolsai.jupyter-keymap
[2021-11-14 01:31:11.083] [sharedprocess] [info] Extension installed successfully: ms-toolsai.jupyter-renderers
[2021-11-14 01:31:11.085] [sharedprocess] [info] Extension installed successfully: ms-toolsai.jupyter
[2021-11-14 01:31:11.087] [sharedprocess] [info] Extension installed successfully: ms-python.python
[2021-11-14 01:31:11.090] [sharedprocess] [info] Extension installed successfully: ms-python.vscode-pylance
