Info 2021-11-21 16:15:29: Experimentation service retrieved: [object Object]
User belongs to experiment group 'jupyterTestcf'
User belongs to experiment group 'jupyterEnhancedDataViewer'
Info 2021-11-21 16:15:29: ZMQ install verified.
Info 2021-11-21 16:15:30: Experiment status for python is {"enabled":true,"optInto":[],"optOutFrom":[]}
Info 2021-11-21 16:15:31: Process Execution: > /usr/bin/python3 -m pip list
> /usr/bin/python3 -m pip list
Info 2021-11-21 16:15:31: Process Execution: > /usr/bin/python3 -m pip list
> /usr/bin/python3 -m pip list
Info 2021-11-21 16:15:31: Process Execution: > /usr/bin/python3 -c "import jupyter"
> /usr/bin/python3 -c "import jupyter"
Info 2021-11-21 16:15:31: Process Execution: > /usr/bin/python3 -c "import jupyter"
> /usr/bin/python3 -c "import jupyter"
Info 2021-11-21 16:15:31: Process Execution: > /usr/bin/python3 -c "import notebook"
> /usr/bin/python3 -c "import notebook"
Info 2021-11-21 16:15:31: Process Execution: > /usr/bin/python3 -c "import notebook"
> /usr/bin/python3 -c "import notebook"
Info 2021-11-21 16:16:40: Shutting down notebooks for 29eb6b7f-74e4-4b16-9f2f-00331552daa7
Info 2021-11-21 16:16:40: Disposing HostJupyterExecution ff8ea3ed-f676-4cf3-9f46-ba8d92f8252a
Info 2021-11-21 16:16:40: Disposing super HostJupyterExecution ff8ea3ed-f676-4cf3-9f46-ba8d92f8252a
Info 2021-11-21 16:16:40: Disposing HostJupyterExecution ff8ea3ed-f676-4cf3-9f46-ba8d92f8252a
Info 2021-11-21 16:16:40: Finished disposing HostJupyterExecution  ff8ea3ed-f676-4cf3-9f46-ba8d92f8252a
Info 2021-11-21 16:16:40: Cleaning up server cache ff8ea3ed-f676-4cf3-9f46-ba8d92f8252a
Info 2021-11-21 16:16:40: Finished disposing HostJupyterExecution  ff8ea3ed-f676-4cf3-9f46-ba8d92f8252a
