[2021-11-21 15:14:24.775] [exthost] [info] Extension host with pid 552 started
[2021-11-21 15:14:24.775] [exthost] [info] Skipping acquiring lock for /home/yli/.config/Code/User/workspaceStorage/3ca8c7c5a5ddd39913e3677dcec51763.
[2021-11-21 15:14:25.595] [exthost] [info] ExtensionService#_doActivateExtension vscode.microsoft-authentication, startup: false, activationEvent: 'onAuthenticationRequest:microsoft'
[2021-11-21 15:14:25.769] [exthost] [info] ExtensionService#_doActivateExtension vscode.debug-auto-launch, startup: true, activationEvent: '*'
[2021-11-21 15:14:25.787] [exthost] [info] ExtensionService#_doActivateExtension vscode.git, startup: true, activationEvent: '*', root cause: vscode.github
[2021-11-21 15:14:27.089] [exthost] [info] ExtensionService#_doActivateExtension vscode.github, startup: true, activationEvent: '*'
[2021-11-21 15:14:27.236] [exthost] [info] Eager extensions activated
[2021-11-21 15:14:27.270] [exthost] [info] ExtensionService#_doActivateExtension vscode.merge-conflict, startup: false, activationEvent: 'onStartupFinished'
[2021-11-21 15:14:27.308] [exthost] [info] ExtensionService#_doActivateExtension vscode.github-authentication, startup: false, activationEvent: 'onAuthenticationRequest:github'
[2021-11-21 15:17:16.218] [exthost] [info] ExtensionService#_doActivateExtension ms-toolsai.jupyter, startup: false, activationEvent: 'onLanguage:python'
[2021-11-21 15:17:17.035] [exthost] [info] ExtensionService#_doActivateExtension ms-python.python, startup: false, activationEvent: 'onLanguage:python'
[2021-11-21 15:17:18.977] [exthost] [info] ExtensionService#_doActivateExtension ms-toolsai.jupyter-renderers, startup: false, activationEvent: 'api', root cause: ms-toolsai.jupyter
[2021-11-21 15:17:20.590] [exthost] [info] ExtensionService#_doActivateExtension ms-python.vscode-pylance, startup: false, activationEvent: 'onLanguage:python'
[2021-11-21 15:34:16.082] [exthost] [error] [ms-python.python] provider FAILED
[2021-11-21 15:34:16.115] [exthost] [error] Canceled: Canceled
	at S.makeCancelError (/home/yli/.vscode/extensions/ms-python.python-2021.11.1422169775/out/client/extension.js:9:151015)
	at S.handleFailedRequest (/home/yli/.vscode/extensions/ms-python.python-2021.11.1422169775/out/client/extension.js:9:150866)
	at /home/yli/.vscode/extensions/ms-python.python-2021.11.1422169775/out/client/extension.js:9:111208
	at async d.provideHover (/usr/share/code/resources/app/out/vs/workbench/services/extensions/node/extensionHostProcess.js:94:170516)
[2021-11-21 15:36:05.903] [exthost] [error] [ms-python.python] provider FAILED
[2021-11-21 15:36:05.904] [exthost] [error] Canceled: Canceled
	at S.makeCancelError (/home/yli/.vscode/extensions/ms-python.python-2021.11.1422169775/out/client/extension.js:9:151015)
	at S.handleFailedRequest (/home/yli/.vscode/extensions/ms-python.python-2021.11.1422169775/out/client/extension.js:9:150866)
	at /home/yli/.vscode/extensions/ms-python.python-2021.11.1422169775/out/client/extension.js:9:111208
	at async d.provideHover (/usr/share/code/resources/app/out/vs/workbench/services/extensions/node/extensionHostProcess.js:94:170516)
[2021-11-21 15:44:16.420] [exthost] [error] [ms-python.python] provider FAILED
[2021-11-21 15:44:16.420] [exthost] [error] Canceled: Canceled
	at S.makeCancelError (/home/yli/.vscode/extensions/ms-python.python-2021.11.1422169775/out/client/extension.js:9:151015)
	at S.handleFailedRequest (/home/yli/.vscode/extensions/ms-python.python-2021.11.1422169775/out/client/extension.js:9:150866)
	at /home/yli/.vscode/extensions/ms-python.python-2021.11.1422169775/out/client/extension.js:9:111208
	at async d.provideHover (/usr/share/code/resources/app/out/vs/workbench/services/extensions/node/extensionHostProcess.js:94:170516)
[2021-11-21 15:49:22.049] [exthost] [error] [ms-python.python] provider FAILED
[2021-11-21 15:49:22.049] [exthost] [error] Canceled: Canceled
	at S.makeCancelError (/home/yli/.vscode/extensions/ms-python.python-2021.11.1422169775/out/client/extension.js:9:151015)
	at S.handleFailedRequest (/home/yli/.vscode/extensions/ms-python.python-2021.11.1422169775/out/client/extension.js:9:150866)
	at /home/yli/.vscode/extensions/ms-python.python-2021.11.1422169775/out/client/extension.js:9:111208
	at async d.provideHover (/usr/share/code/resources/app/out/vs/workbench/services/extensions/node/extensionHostProcess.js:94:170516)
[2021-11-21 15:49:22.546] [exthost] [error] [ms-python.python] provider FAILED
[2021-11-21 15:49:22.546] [exthost] [error] Canceled: Canceled
	at S.makeCancelError (/home/yli/.vscode/extensions/ms-python.python-2021.11.1422169775/out/client/extension.js:9:151015)
	at S.handleFailedRequest (/home/yli/.vscode/extensions/ms-python.python-2021.11.1422169775/out/client/extension.js:9:150866)
	at /home/yli/.vscode/extensions/ms-python.python-2021.11.1422169775/out/client/extension.js:9:111208
	at async d.provideHover (/usr/share/code/resources/app/out/vs/workbench/services/extensions/node/extensionHostProcess.js:94:170516)
[2021-11-21 15:49:32.964] [exthost] [warning] ms-python.python - Code actions of kind 'quickfix 'requested but returned code action is of kind 'refactor.extract'. Code action will be dropped. Please check 'CodeActionContext.only' to only return requested code actions.
[2021-11-21 15:49:32.966] [exthost] [warning] ms-python.python - Code actions of kind 'quickfix 'requested but returned code action is of kind 'refactor.extract'. Code action will be dropped. Please check 'CodeActionContext.only' to only return requested code actions.
[2021-11-21 15:49:34.669] [exthost] [error] [ms-python.python] provider FAILED
[2021-11-21 15:49:34.669] [exthost] [error] Canceled: Canceled
	at S.makeCancelError (/home/yli/.vscode/extensions/ms-python.python-2021.11.1422169775/out/client/extension.js:9:151015)
	at S.handleFailedRequest (/home/yli/.vscode/extensions/ms-python.python-2021.11.1422169775/out/client/extension.js:9:150866)
	at /home/yli/.vscode/extensions/ms-python.python-2021.11.1422169775/out/client/extension.js:9:111208
	at async d.provideHover (/usr/share/code/resources/app/out/vs/workbench/services/extensions/node/extensionHostProcess.js:94:170516)
[2021-11-21 15:49:47.594] [exthost] [error] [ms-python.python] provider FAILED
[2021-11-21 15:49:47.594] [exthost] [error] Canceled: Canceled
	at S.makeCancelError (/home/yli/.vscode/extensions/ms-python.python-2021.11.1422169775/out/client/extension.js:9:151015)
	at S.handleFailedRequest (/home/yli/.vscode/extensions/ms-python.python-2021.11.1422169775/out/client/extension.js:9:150866)
	at /home/yli/.vscode/extensions/ms-python.python-2021.11.1422169775/out/client/extension.js:9:111208
	at async d.provideHover (/usr/share/code/resources/app/out/vs/workbench/services/extensions/node/extensionHostProcess.js:94:170516)
[2021-11-21 15:49:47.815] [exthost] [error] [ms-python.python] provider FAILED
[2021-11-21 15:49:47.816] [exthost] [error] Canceled: Canceled
	at S.makeCancelError (/home/yli/.vscode/extensions/ms-python.python-2021.11.1422169775/out/client/extension.js:9:151015)
	at S.handleFailedRequest (/home/yli/.vscode/extensions/ms-python.python-2021.11.1422169775/out/client/extension.js:9:150866)
	at /home/yli/.vscode/extensions/ms-python.python-2021.11.1422169775/out/client/extension.js:9:111208
	at async d.provideHover (/usr/share/code/resources/app/out/vs/workbench/services/extensions/node/extensionHostProcess.js:94:170516)
[2021-11-21 15:50:04.273] [exthost] [error] [ms-python.python] provider FAILED
[2021-11-21 15:50:04.273] [exthost] [error] Canceled: Canceled
	at S.makeCancelError (/home/yli/.vscode/extensions/ms-python.python-2021.11.1422169775/out/client/extension.js:9:151015)
	at S.handleFailedRequest (/home/yli/.vscode/extensions/ms-python.python-2021.11.1422169775/out/client/extension.js:9:150866)
	at /home/yli/.vscode/extensions/ms-python.python-2021.11.1422169775/out/client/extension.js:9:111208
	at async d.provideHover (/usr/share/code/resources/app/out/vs/workbench/services/extensions/node/extensionHostProcess.js:94:170516)
[2021-11-21 15:57:03.635] [exthost] [error] [ms-python.python] provider FAILED
[2021-11-21 15:57:03.635] [exthost] [error] TypeError: Cannot read property 'length' of undefined
	at /home/yli/.vscode/extensions/ms-python.python-2021.11.1422169775/out/client/extension.js:52:353150
	at h (/home/yli/.vscode/extensions/ms-python.python-2021.11.1422169775/out/client/extension.js:52:358146)
	at async x.provideCompletionItems (/usr/share/code/resources/app/out/vs/workbench/services/extensions/node/extensionHostProcess.js:94:181124)
[2021-11-21 15:57:30.303] [exthost] [error] [ms-python.python] provider FAILED
[2021-11-21 15:57:30.303] [exthost] [error] Canceled: Canceled
	at S.makeCancelError (/home/yli/.vscode/extensions/ms-python.python-2021.11.1422169775/out/client/extension.js:9:151015)
	at S.handleFailedRequest (/home/yli/.vscode/extensions/ms-python.python-2021.11.1422169775/out/client/extension.js:9:150866)
	at /home/yli/.vscode/extensions/ms-python.python-2021.11.1422169775/out/client/extension.js:9:112196
	at async W.provideSignatureHelp (/usr/share/code/resources/app/out/vs/workbench/services/extensions/node/extensionHostProcess.js:94:184932)
[2021-11-21 16:01:36.866] [exthost] [error] [ms-python.python] provider FAILED
[2021-11-21 16:01:36.866] [exthost] [error] Canceled: Canceled
	at S.makeCancelError (/home/yli/.vscode/extensions/ms-python.python-2021.11.1422169775/out/client/extension.js:9:151015)
	at S.handleFailedRequest (/home/yli/.vscode/extensions/ms-python.python-2021.11.1422169775/out/client/extension.js:9:150866)
	at /home/yli/.vscode/extensions/ms-python.python-2021.11.1422169775/out/client/extension.js:9:110416
	at async x.resolveCompletionItem (/usr/share/code/resources/app/out/vs/workbench/services/extensions/node/extensionHostProcess.js:94:181841)
[2021-11-21 16:08:06.248] [exthost] [error] [ms-python.python] provider FAILED
[2021-11-21 16:08:06.287] [exthost] [error] TypeError: Cannot read property 'length' of undefined
	at /home/yli/.vscode/extensions/ms-python.python-2021.11.1422169775/out/client/extension.js:52:353150
	at h (/home/yli/.vscode/extensions/ms-python.python-2021.11.1422169775/out/client/extension.js:52:358146)
	at async x.provideCompletionItems (/usr/share/code/resources/app/out/vs/workbench/services/extensions/node/extensionHostProcess.js:94:181124)
[2021-11-21 16:08:10.504] [exthost] [error] [ms-python.python] provider FAILED
[2021-11-21 16:08:10.505] [exthost] [error] Canceled: Canceled
	at S.makeCancelError (/home/yli/.vscode/extensions/ms-python.python-2021.11.1422169775/out/client/extension.js:9:151015)
	at S.handleFailedRequest (/home/yli/.vscode/extensions/ms-python.python-2021.11.1422169775/out/client/extension.js:9:150866)
	at /home/yli/.vscode/extensions/ms-python.python-2021.11.1422169775/out/client/extension.js:9:118727
	at async A.provideCodeActions (/usr/share/code/resources/app/out/vs/workbench/services/extensions/node/extensionHostProcess.js:94:172824)
[2021-11-21 16:14:58.870] [exthost] [info] extension host terminating: renderer closed the socket
[2021-11-21 16:15:00.061] [exthost] [info] Extension host with pid 552 exiting with code 0
