[2021-11-20 18:45:56.494] [sharedprocess] [warning] No ptyHost heartbeat after 6 seconds
[2021-11-20 18:57:52.094] [sharedprocess] [info] Installing extension: ms-python.python
[2021-11-20 18:57:58.725] [sharedprocess] [info] Installing extension: ms-toolsai.jupyter
[2021-11-20 18:57:58.728] [sharedprocess] [info] Installing extension: ms-toolsai.jupyter-keymap
[2021-11-20 18:57:58.730] [sharedprocess] [info] Installing extension: ms-toolsai.jupyter-renderers
[2021-11-20 18:57:58.733] [sharedprocess] [info] Installing extension: ms-python.vscode-pylance
[2021-11-20 18:58:01.329] [sharedprocess] [info] Downloaded extension: ms-toolsai.jupyter-keymap /home/yli/.config/Code/CachedExtensionVSIXs/ms-toolsai.jupyter-keymap-1.0.0
[2021-11-20 18:58:02.081] [sharedprocess] [info] Extracted extension to /home/yli/.vscode/extensions/.b5f16b22-680e-4734-b8c9-b83bd7f9c8b5: ms-toolsai.jupyter-keymap
[2021-11-20 18:58:02.197] [sharedprocess] [info] Renamed to /home/yli/.vscode/extensions/ms-toolsai.jupyter-keymap-1.0.0
[2021-11-20 18:58:02.212] [sharedprocess] [info] Extracting completed. ms-toolsai.jupyter-keymap
[2021-11-20 18:58:02.725] [sharedprocess] [info] Downloaded extension: ms-toolsai.jupyter-renderers /home/yli/.config/Code/CachedExtensionVSIXs/ms-toolsai.jupyter-renderers-1.0.3
[2021-11-20 18:58:04.460] [sharedprocess] [info] Downloaded extension: ms-python.python /home/yli/.config/Code/CachedExtensionVSIXs/ms-python.python-2021.11.1422169775
[2021-11-20 18:58:04.721] [sharedprocess] [info] Downloaded extension: ms-toolsai.jupyter /home/yli/.config/Code/CachedExtensionVSIXs/ms-toolsai.jupyter-2021.10.1101450599
[2021-11-20 18:58:07.536] [sharedprocess] [info] Extracted extension to /home/yli/.vscode/extensions/.f6ec2c08-45d4-4016-b892-55d410dfb062: ms-toolsai.jupyter-renderers
[2021-11-20 18:58:07.603] [sharedprocess] [info] Renamed to /home/yli/.vscode/extensions/ms-toolsai.jupyter-renderers-1.0.3
[2021-11-20 18:58:07.622] [sharedprocess] [info] Extracting completed. ms-toolsai.jupyter-renderers
[2021-11-20 18:58:14.770] [sharedprocess] [info] Extracted extension to /home/yli/.vscode/extensions/.2131baed-16d5-4e3b-9798-4f7c9867ea3d: ms-toolsai.jupyter
[2021-11-20 18:58:14.804] [sharedprocess] [info] Renamed to /home/yli/.vscode/extensions/ms-toolsai.jupyter-2021.10.1101450599
[2021-11-20 18:58:14.813] [sharedprocess] [info] Extracting completed. ms-toolsai.jupyter
[2021-11-20 18:58:23.066] [sharedprocess] [info] Extracted extension to /home/yli/.vscode/extensions/.d9377a68-b786-4d2e-b187-6de43ef8440a: ms-python.python
[2021-11-20 18:58:23.126] [sharedprocess] [info] Renamed to /home/yli/.vscode/extensions/ms-python.python-2021.11.1422169775
[2021-11-20 18:58:23.131] [sharedprocess] [info] Extracting completed. ms-python.python
[2021-11-20 18:58:26.131] [sharedprocess] [info] Downloaded extension: ms-python.vscode-pylance /home/yli/.config/Code/CachedExtensionVSIXs/ms-python.vscode-pylance-2021.11.2
[2021-11-20 18:58:43.995] [sharedprocess] [info] Extracted extension to /home/yli/.vscode/extensions/.a06e25f5-eb9a-4960-bc98-c6da417c3390: ms-python.vscode-pylance
[2021-11-20 18:58:44.047] [sharedprocess] [info] Renamed to /home/yli/.vscode/extensions/ms-python.vscode-pylance-2021.11.2
[2021-11-20 18:58:44.054] [sharedprocess] [info] Extracting completed. ms-python.vscode-pylance
[2021-11-20 18:58:44.072] [sharedprocess] [info] Extension installed successfully: ms-toolsai.jupyter-keymap
[2021-11-20 18:58:44.072] [sharedprocess] [info] Extension installed successfully: ms-toolsai.jupyter-renderers
[2021-11-20 18:58:44.073] [sharedprocess] [info] Extension installed successfully: ms-toolsai.jupyter
[2021-11-20 18:58:44.074] [sharedprocess] [info] Extension installed successfully: ms-python.python
[2021-11-20 18:58:44.074] [sharedprocess] [info] Extension installed successfully: ms-python.vscode-pylance
