[2021-11-21 15:14:26.661] [sharedprocess] [warning] No ptyHost heartbeat after 6 seconds
[2021-11-21 15:14:45.362] [sharedprocess] [info] Installing extension: ms-python.python
[2021-11-21 15:14:50.681] [sharedprocess] [info] Installing extension: ms-toolsai.jupyter
[2021-11-21 15:14:50.699] [sharedprocess] [info] Installing extension: ms-toolsai.jupyter-keymap
[2021-11-21 15:14:50.704] [sharedprocess] [info] Installing extension: ms-toolsai.jupyter-renderers
[2021-11-21 15:14:50.744] [sharedprocess] [info] Installing extension: ms-python.vscode-pylance
[2021-11-21 15:14:55.104] [sharedprocess] [info] Downloaded extension: ms-toolsai.jupyter-renderers /home/yli/.config/Code/CachedExtensionVSIXs/ms-toolsai.jupyter-renderers-1.0.3
[2021-11-21 15:14:55.123] [sharedprocess] [info] Downloaded extension: ms-toolsai.jupyter-keymap /home/yli/.config/Code/CachedExtensionVSIXs/ms-toolsai.jupyter-keymap-1.0.0
[2021-11-21 15:14:56.383] [sharedprocess] [info] Extracted extension to /home/yli/.vscode/extensions/.a1613900-5a8a-42a0-b1f0-5843d82505c3: ms-toolsai.jupyter-keymap
[2021-11-21 15:14:56.594] [sharedprocess] [info] Renamed to /home/yli/.vscode/extensions/ms-toolsai.jupyter-keymap-1.0.0
[2021-11-21 15:14:57.602] [sharedprocess] [info] Extracting completed. ms-toolsai.jupyter-keymap
[2021-11-21 15:14:58.542] [sharedprocess] [info] Downloaded extension: ms-toolsai.jupyter /home/yli/.config/Code/CachedExtensionVSIXs/ms-toolsai.jupyter-2021.10.1101450599
[2021-11-21 15:14:59.206] [sharedprocess] [info] Downloaded extension: ms-python.python /home/yli/.config/Code/CachedExtensionVSIXs/ms-python.python-2021.11.1422169775
[2021-11-21 15:15:09.003] [sharedprocess] [info] Extracted extension to /home/yli/.vscode/extensions/.d812d135-bd71-4b49-a880-7e7094044cba: ms-toolsai.jupyter-renderers
[2021-11-21 15:15:09.216] [sharedprocess] [info] Renamed to /home/yli/.vscode/extensions/ms-toolsai.jupyter-renderers-1.0.3
[2021-11-21 15:15:09.284] [sharedprocess] [info] Extracting completed. ms-toolsai.jupyter-renderers
[2021-11-21 15:15:23.410] [sharedprocess] [info] Extracted extension to /home/yli/.vscode/extensions/.bc1b6b2f-7a34-4a5c-873b-67354e8b6f84: ms-toolsai.jupyter
[2021-11-21 15:15:23.543] [sharedprocess] [info] Renamed to /home/yli/.vscode/extensions/ms-toolsai.jupyter-2021.10.1101450599
[2021-11-21 15:15:23.565] [sharedprocess] [info] Extracting completed. ms-toolsai.jupyter
[2021-11-21 15:15:25.706] [sharedprocess] [info] Extensions is already requested to install ms-python.python
[2021-11-21 15:16:02.691] [sharedprocess] [info] Extracted extension to /home/yli/.vscode/extensions/.6161b0f8-7a9c-4c5e-b9fb-bfe394d49a05: ms-python.python
[2021-11-21 15:16:02.777] [sharedprocess] [info] Renamed to /home/yli/.vscode/extensions/ms-python.python-2021.11.1422169775
[2021-11-21 15:16:02.823] [sharedprocess] [info] Extracting completed. ms-python.python
[2021-11-21 15:16:08.904] [sharedprocess] [info] Downloaded extension: ms-python.vscode-pylance /home/yli/.config/Code/CachedExtensionVSIXs/ms-python.vscode-pylance-2021.11.2
[2021-11-21 15:17:13.174] [sharedprocess] [info] Extracted extension to /home/yli/.vscode/extensions/.16bbced0-ea26-4105-9b1a-83ebfe1b20ef: ms-python.vscode-pylance
[2021-11-21 15:17:13.220] [sharedprocess] [info] Renamed to /home/yli/.vscode/extensions/ms-python.vscode-pylance-2021.11.2
[2021-11-21 15:17:13.235] [sharedprocess] [info] Extracting completed. ms-python.vscode-pylance
[2021-11-21 15:17:13.280] [sharedprocess] [info] Extension installed successfully: ms-toolsai.jupyter-keymap
[2021-11-21 15:17:13.284] [sharedprocess] [info] Extension installed successfully: ms-toolsai.jupyter-renderers
[2021-11-21 15:17:13.287] [sharedprocess] [info] Extension installed successfully: ms-toolsai.jupyter
[2021-11-21 15:17:13.288] [sharedprocess] [info] Extension installed successfully: ms-python.python
[2021-11-21 15:17:13.288] [sharedprocess] [info] Extension installed successfully: ms-python.vscode-pylance
