Info 2021-11-14 01:55:45: Experimentation service retrieved: [object Object]
User belongs to experiment group 'jupyterTestcf'
User belongs to experiment group 'jupyterEnhancedDataViewer'
Info 2021-11-14 01:55:45: ZMQ install verified.
Info 2021-11-14 01:55:46: Experiment status for python is {"enabled":true,"optInto":[],"optOutFrom":[]}
Info 2021-11-14 01:55:48: Process Execution: > /usr/bin/python3 -m pip list
> /usr/bin/python3 -m pip list
Info 2021-11-14 01:55:48: Process Execution: > /usr/bin/python3 -m pip list
> /usr/bin/python3 -m pip list
Info 2021-11-14 01:55:48: Process Execution: > /usr/bin/python3 -c "import jupyter"
> /usr/bin/python3 -c "import jupyter"
Info 2021-11-14 01:55:48: Process Execution: > /usr/bin/python3 -c "import jupyter"
> /usr/bin/python3 -c "import jupyter"
Info 2021-11-14 01:55:48: Process Execution: > /usr/bin/python3 -c "import notebook"
> /usr/bin/python3 -c "import notebook"
Info 2021-11-14 01:55:48: Process Execution: > /usr/bin/python3 -c "import notebook"
> /usr/bin/python3 -c "import notebook"
Info 2021-11-14 01:59:52: Shutting down notebooks for 97230517-265e-49ce-959f-84750907363f
Info 2021-11-14 01:59:52: Disposing HostJupyterExecution 8b6953d3-fa23-48cd-8848-3f7183b0d81c
Info 2021-11-14 01:59:52: Disposing super HostJupyterExecution 8b6953d3-fa23-48cd-8848-3f7183b0d81c
Info 2021-11-14 01:59:52: Disposing HostJupyterExecution 8b6953d3-fa23-48cd-8848-3f7183b0d81c
Info 2021-11-14 01:59:52: Finished disposing HostJupyterExecution  8b6953d3-fa23-48cd-8848-3f7183b0d81c
Info 2021-11-14 01:59:52: Cleaning up server cache 8b6953d3-fa23-48cd-8848-3f7183b0d81c
Info 2021-11-14 01:59:52: Finished disposing HostJupyterExecution  8b6953d3-fa23-48cd-8848-3f7183b0d81c
