Validating found git in: git
Using git 2.20.1 from git
> git rev-parse --git-dir
Open repository: /home/yli
> git status -z -u
> git symbolic-ref --short HEAD
> git for-each-ref --format=%(refname)%00%(upstream:short)%00%(objectname)%00%(upstream:track) refs/heads/master refs/remotes/master
> git for-each-ref --sort -committerdate --format %(refname) %(objectname) %(*objectname)
> git remote --verbose
> git config --get commit.template
> git check-ignore -v -z --stdin
> git show --textconv :assignment_5/assignment_5/first.py
> git ls-files --stage -- /home/yli/assignment_5/assignment_5/first.py
> git cat-file -s 2e6a0b0f15c1d0dd105e8520bcf947dbf27e606f
> git show --textconv :assignment_5/assignment_5/second.py
> git ls-files --stage -- /home/yli/assignment_5/assignment_5/second.py
> git cat-file -s 081116ee1220357feafd35df71c183f37c594d5f
> git status -z -u
> git symbolic-ref --short HEAD
> git for-each-ref --format=%(refname)%00%(upstream:short)%00%(objectname)%00%(upstream:track) refs/heads/master refs/remotes/master
> git for-each-ref --sort -committerdate --format %(refname) %(objectname) %(*objectname)
> git remote --verbose
> git config --get commit.template
> git show --textconv :assignment_5/assignment_5/third.py
> git ls-files --stage -- /home/yli/assignment_5/assignment_5/third.py
> git cat-file -s 451218845b6747378a8c8a1851d1831db51acc1c
> git show --textconv :assignment_5/assignment_5/second.py
> git ls-files --stage -- /home/yli/assignment_5/assignment_5/second.py
> git cat-file -s 081116ee1220357feafd35df71c183f37c594d5f
