[Info  - 4:24:50 PM] Pylance language server 2021.11.2 (pyright b27108d5) starting
[Info  - 4:24:50 PM] Server root directory: /home/yli/.vscode/extensions/ms-python.vscode-pylance-2021.11.2/dist
[Info  - 4:24:50 PM] No configuration file found.
[Info  - 4:24:50 PM] No pyproject.toml file found.
[Info  - 4:24:50 PM] Setting pythonPath for service "assignment_5": "/usr/bin/python3"
[Warn  - 4:24:50 PM] stubPath /home/yli/assignment_5/typings is not a valid directory.
[Info  - 4:24:51 PM] Assuming Python version 3.7
[Info  - 4:24:51 PM] Assuming Python platform Linux
[Warn  - 4:24:52 PM] Exception received when installing file system watcher: TypeError [ERR_FEATURE_UNAVAILABLE_ON_PLATFORM]: The feature watch recursively is unavailable on the current platform, which is being used to run Node.js
[Warn  - 4:24:52 PM] Exception received when installing file system watcher: TypeError [ERR_FEATURE_UNAVAILABLE_ON_PLATFORM]: The feature watch recursively is unavailable on the current platform, which is being used to run Node.js
[Warn  - 4:24:52 PM] Exception received when installing file system watcher: TypeError [ERR_FEATURE_UNAVAILABLE_ON_PLATFORM]: The feature watch recursively is unavailable on the current platform, which is being used to run Node.js
[Warn  - 4:24:52 PM] Exception received when installing file system watcher: TypeError [ERR_FEATURE_UNAVAILABLE_ON_PLATFORM]: The feature watch recursively is unavailable on the current platform, which is being used to run Node.js
[Info  - 4:24:52 PM] Searching for source files
[Info  - 4:24:52 PM] Found 2 source files
[Info  - 4:24:52 PM] Background analysis(1) root directory: /home/yli/.vscode/extensions/ms-python.vscode-pylance-2021.11.2/dist
[Info  - 4:24:52 PM] Background analysis(1) started
[Info  - 4:27:15 PM] Searching for source files
[Info  - 4:27:15 PM] Found 2 source files
[Info  - 4:27:24 PM] Searching for source files
[Info  - 4:27:24 PM] Found 3 source files
