[2021-11-21 16:23:59.095] [exthost] [info] Extension host with pid 3091 started
[2021-11-21 16:23:59.347] [exthost] [info] ExtensionService#_doActivateExtension vscode.microsoft-authentication, startup: false, activationEvent: 'onAuthenticationRequest:microsoft'
[2021-11-21 16:23:59.410] [exthost] [info] ExtensionService#_doActivateExtension vscode.debug-auto-launch, startup: true, activationEvent: '*'
[2021-11-21 16:23:59.445] [exthost] [info] ExtensionService#_doActivateExtension vscode.git, startup: true, activationEvent: '*', root cause: vscode.github
[2021-11-21 16:24:00.513] [exthost] [info] ExtensionService#_doActivateExtension vscode.github, startup: true, activationEvent: '*'
[2021-11-21 16:24:00.706] [exthost] [info] Eager extensions activated
[2021-11-21 16:24:00.728] [exthost] [info] ExtensionService#_doActivateExtension vscode.merge-conflict, startup: false, activationEvent: 'onStartupFinished'
[2021-11-21 16:24:00.774] [exthost] [info] ExtensionService#_doActivateExtension vscode.github-authentication, startup: false, activationEvent: 'onAuthenticationRequest:github'
[2021-11-21 16:24:08.529] [exthost] [info] ExtensionService#_doActivateExtension ms-python.python, startup: false, activationEvent: 'onLanguage:python', root cause: ms-python.vscode-pylance
[2021-11-21 16:24:09.341] [exthost] [info] ExtensionService#_doActivateExtension ms-toolsai.jupyter, startup: false, activationEvent: 'onLanguage:python'
[2021-11-21 16:24:12.485] [exthost] [info] ExtensionService#_doActivateExtension ms-toolsai.jupyter-renderers, startup: false, activationEvent: 'api', root cause: ms-toolsai.jupyter
[2021-11-21 16:24:13.332] [exthost] [warning] [Decorations] CAPPING events from decorations provider vscode.git 6682
[2021-11-21 16:24:20.560] [exthost] [info] ExtensionService#_doActivateExtension ms-python.vscode-pylance, startup: false, activationEvent: 'onLanguage:python'
[2021-11-21 16:24:21.220] [exthost] [info] extension host terminating: renderer closed the socket
[2021-11-21 16:24:21.248] [exthost] [error] Activating extension ms-python.vscode-pylance failed due to an error:
[2021-11-21 16:24:21.248] [exthost] [error] Canceled: Canceled
	at Object.i [as canceled] (/usr/share/code/resources/app/out/vs/workbench/services/extensions/node/extensionHostProcess.js:5:1157)
	at /usr/share/code/resources/app/out/vs/workbench/services/extensions/node/extensionHostProcess.js:98:9064
	at Array.forEach (<anonymous>)
	at n.dispose (/usr/share/code/resources/app/out/vs/workbench/services/extensions/node/extensionHostProcess.js:98:9012)
	at b.terminate (/usr/share/code/resources/app/out/vs/workbench/services/extensions/node/extensionHostProcess.js:103:694)
	at o (/usr/share/code/resources/app/out/vs/workbench/services/extensions/node/extensionHostProcess.js:113:32681)
	at Socket.<anonymous> (/usr/share/code/resources/app/out/vs/workbench/services/extensions/node/extensionHostProcess.js:113:30296)
	at Socket.emit (events.js:327:22)
	at Pipe.<anonymous> (net.js:673:12)
[2021-11-21 16:24:22.245] [exthost] [info] Extension host with pid 3091 exiting with code 0
[2021-11-21 16:24:26.592] [exthost] [info] Extension host with pid 3195 started
[2021-11-21 16:24:26.592] [exthost] [info] Skipping acquiring lock for /home/yli/.config/Code/User/workspaceStorage/42b3663067f884253f482fe3a24ed726.
[2021-11-21 16:24:27.234] [exthost] [info] ExtensionService#_doActivateExtension vscode.microsoft-authentication, startup: false, activationEvent: 'onAuthenticationRequest:microsoft'
[2021-11-21 16:24:27.257] [exthost] [info] ExtensionService#_doActivateExtension vscode.debug-auto-launch, startup: true, activationEvent: '*'
[2021-11-21 16:24:27.261] [exthost] [info] ExtensionService#_doActivateExtension vscode.git, startup: true, activationEvent: '*', root cause: vscode.github
[2021-11-21 16:24:27.716] [exthost] [info] ExtensionService#_doActivateExtension vscode.github, startup: true, activationEvent: '*'
[2021-11-21 16:24:27.837] [exthost] [info] Eager extensions activated
[2021-11-21 16:24:28.110] [exthost] [info] ExtensionService#_doActivateExtension vscode.github-authentication, startup: false, activationEvent: 'onAuthenticationRequest:github'
[2021-11-21 16:24:28.238] [exthost] [info] ExtensionService#_doActivateExtension vscode.merge-conflict, startup: false, activationEvent: 'onStartupFinished'
[2021-11-21 16:24:29.023] [exthost] [warning] [Decorations] CAPPING events from decorations provider vscode.git 6692
[2021-11-21 16:24:35.428] [exthost] [info] ExtensionService#_doActivateExtension ms-python.python, startup: false, activationEvent: 'onLanguage:python', root cause: ms-python.vscode-pylance
[2021-11-21 16:24:35.953] [exthost] [info] ExtensionService#_doActivateExtension ms-toolsai.jupyter, startup: false, activationEvent: 'onLanguage:python'
[2021-11-21 16:24:38.595] [exthost] [info] ExtensionService#_doActivateExtension ms-toolsai.jupyter-renderers, startup: false, activationEvent: 'api', root cause: ms-toolsai.jupyter
[2021-11-21 16:24:39.246] [exthost] [warning] [Decorations] CAPPING events from decorations provider vscode.git 6694
[2021-11-21 16:24:47.009] [exthost] [info] ExtensionService#_doActivateExtension ms-python.vscode-pylance, startup: false, activationEvent: 'onLanguage:python'
[2021-11-21 16:27:15.574] [exthost] [error] [ms-python.python] provider FAILED
[2021-11-21 16:27:15.575] [exthost] [error] Canceled: Canceled
	at S.makeCancelError (/home/yli/.vscode/extensions/ms-python.python-2021.11.1422169775/out/client/extension.js:9:151015)
	at S.handleFailedRequest (/home/yli/.vscode/extensions/ms-python.python-2021.11.1422169775/out/client/extension.js:9:150866)
	at /home/yli/.vscode/extensions/ms-python.python-2021.11.1422169775/out/client/extension.js:9:118727
	at runNextTicks (internal/process/task_queues.js:58:5)
	at processImmediate (internal/timers.js:434:9)
	at async A.provideCodeActions (/usr/share/code/resources/app/out/vs/workbench/services/extensions/node/extensionHostProcess.js:94:172824)
[2021-11-21 16:27:17.446] [exthost] [warning] [Decorations] CAPPING events from decorations provider vscode.git 6700
[2021-11-21 16:27:24.733] [exthost] [error] [ms-python.python] provider FAILED
[2021-11-21 16:27:24.733] [exthost] [error] Canceled: Canceled
	at S.makeCancelError (/home/yli/.vscode/extensions/ms-python.python-2021.11.1422169775/out/client/extension.js:9:151015)
	at S.handleFailedRequest (/home/yli/.vscode/extensions/ms-python.python-2021.11.1422169775/out/client/extension.js:9:150866)
	at /home/yli/.vscode/extensions/ms-python.python-2021.11.1422169775/out/client/extension.js:9:115854
	at async s.provideDocumentSymbols (/usr/share/code/resources/app/out/vs/workbench/services/extensions/node/extensionHostProcess.js:94:167312)
[2021-11-21 16:27:28.367] [exthost] [warning] [Decorations] CAPPING events from decorations provider vscode.git 6700
[2021-11-21 16:37:50.432] [exthost] [warning] [Decorations] CAPPING events from decorations provider vscode.git 6700
[2021-11-21 16:38:20.827] [exthost] [info] extension host terminating: renderer closed the socket
[2021-11-21 16:38:22.044] [exthost] [info] Extension host with pid 3195 exiting with code 0
