Info 2021-11-21 15:17:17: Experimentation service retrieved: [object Object]
Info 2021-11-21 15:17:17: ZMQ install verified.
Error 2021-11-21 15:17:19: Jupyter Extension (Error in Failed to update settings.json, method:fixSettingsFile): [EntryNotFound (FileSystemError): Unable to read file '/home/yli/.config/Code/User/settings.json' (Error: Unable to resolve nonexistent file '/home/yli/.config/Code/User/settings.json')
	at _handleError (/usr/share/code/resources/app/out/vs/workbench/services/extensions/node/extensionHostProcess.js:94:164282)
	at processTicksAndRejections (internal/process/task_queues.js:93:5)
	at async m.readFile (/home/yli/.vscode/extensions/ms-toolsai.jupyter-2021.10.1101450599/out/client/extension.js:102:789683)
	at async g.fixSettingsFile (/home/yli/.vscode/extensions/ms-toolsai.jupyter-2021.10.1101450599/out/client/extension.js:66:322174)
	at async Promise.all (index 0)
	at async g.updateSettings (/home/yli/.vscode/extensions/ms-toolsai.jupyter-2021.10.1101450599/out/client/extension.js:66:323924)] {
  code: 'FileNotFound'
}
Error 2021-11-21 15:17:19: Jupyter Extension (Error in Failed to update settings.json, method:fixSettingsFile): [EntryNotFound (FileSystemError): Unable to read file '/home/yli/assignment_6/.vscode/settings.json' (Error: Unable to resolve nonexistent file '/home/yli/assignment_6/.vscode/settings.json')
	at _handleError (/usr/share/code/resources/app/out/vs/workbench/services/extensions/node/extensionHostProcess.js:94:164282)
	at processTicksAndRejections (internal/process/task_queues.js:93:5)
	at async m.readFile (/home/yli/.vscode/extensions/ms-toolsai.jupyter-2021.10.1101450599/out/client/extension.js:102:789683)
	at async g.fixSettingsFile (/home/yli/.vscode/extensions/ms-toolsai.jupyter-2021.10.1101450599/out/client/extension.js:66:322174)
	at async Promise.all (index 1)
	at async g.updateSettings (/home/yli/.vscode/extensions/ms-toolsai.jupyter-2021.10.1101450599/out/client/extension.js:66:323924)] {
  code: 'FileNotFound'
}
Info 2021-11-21 15:17:20: Experiment status for python is {"enabled":true,"optInto":[],"optOutFrom":[]}
Info 2021-11-21 15:17:22: Process Execution: > /usr/bin/python3 -m pip list
> /usr/bin/python3 -m pip list
Info 2021-11-21 15:17:22: Process Execution: > /usr/bin/python3 -m pip list
> /usr/bin/python3 -m pip list
Info 2021-11-21 15:17:22: Process Execution: > /usr/bin/python3 -c "import jupyter"
> /usr/bin/python3 -c "import jupyter"
Info 2021-11-21 15:17:22: Process Execution: > /usr/bin/python3 -c "import jupyter"
> /usr/bin/python3 -c "import jupyter"
Info 2021-11-21 15:17:22: Process Execution: > /usr/bin/python3 -c "import notebook"
> /usr/bin/python3 -c "import notebook"
Info 2021-11-21 15:17:22: Process Execution: > /usr/bin/python3 -c "import notebook"
> /usr/bin/python3 -c "import notebook"
Info 2021-11-21 16:14:59: Shutting down notebooks for 68ca4533-cec9-4314-bac6-f4480cc1c43b
Info 2021-11-21 16:14:59: Disposing HostJupyterExecution cbb6b918-44a6-4ac6-99d0-deec38609906
Info 2021-11-21 16:14:59: Disposing super HostJupyterExecution cbb6b918-44a6-4ac6-99d0-deec38609906
Info 2021-11-21 16:14:59: Disposing HostJupyterExecution cbb6b918-44a6-4ac6-99d0-deec38609906
Info 2021-11-21 16:14:59: Finished disposing HostJupyterExecution  cbb6b918-44a6-4ac6-99d0-deec38609906
Info 2021-11-21 16:14:59: Cleaning up server cache cbb6b918-44a6-4ac6-99d0-deec38609906
Info 2021-11-21 16:14:59: Finished disposing HostJupyterExecution  cbb6b918-44a6-4ac6-99d0-deec38609906
